<?xml version="1.0" encoding="UTF-8"?>
<testsuite xmlns:xsi="http://www.w3.org/2001/XMLSchema-instance" xsi:noNamespaceSchemaLocation="https://maven.apache.org/surefire/maven-surefire-plugin/xsd/surefire-test-report.xsd" name="com.microservice.apigateway.ApigatewayApplicationTests" time="93.06" tests="1" errors="0" skipped="0" failures="0">
  <properties>
    <property name="sun.desktop" value="windows"/>
    <property name="awt.toolkit" value="sun.awt.windows.WToolkit"/>
    <property name="java.specification.version" value="11"/>
    <property name="sun.cpu.isalist" value="amd64"/>
    <property name="sun.jnu.encoding" value="Cp1252"/>
    <property name="java.class.path" value="C:\Users\satyakumartattukolla\OneDrive - Nagarro\Desktop\satyakumar-tattukolla\microservices-main\apigateway\target\test-classes;C:\Users\satyakumartattukolla\OneDrive - Nagarro\Desktop\satyakumar-tattukolla\microservices-main\apigateway\target\classes;C:\Users\satyakumartattukolla\.m2\repository\org\springframework\boot\spring-boot-starter-actuator\2.7.4\spring-boot-starter-actuator-2.7.4.jar;C:\Users\satyakumartattukolla\.m2\repository\org\springframework\boot\spring-boot-starter\2.7.4\spring-boot-starter-2.7.4.jar;C:\Users\satyakumartattukolla\.m2\repository\org\springframework\boot\spring-boot\2.7.4\spring-boot-2.7.4.jar;C:\Users\satyakumartattukolla\.m2\repository\org\springframework\boot\spring-boot-autoconfigure\2.7.4\spring-boot-autoconfigure-2.7.4.jar;C:\Users\satyakumartattukolla\.m2\repository\org\springframework\boot\spring-boot-starter-logging\2.7.4\spring-boot-starter-logging-2.7.4.jar;C:\Users\satyakumartattukolla\.m2\repository\ch\qos\logback\logback-classic\1.2.11\logback-classic-1.2.11.jar;C:\Users\satyakumartattukolla\.m2\repository\ch\qos\logback\logback-core\1.2.11\logback-core-1.2.11.jar;C:\Users\satyakumartattukolla\.m2\repository\org\apache\logging\log4j\log4j-to-slf4j\2.17.2\log4j-to-slf4j-2.17.2.jar;C:\Users\satyakumartattukolla\.m2\repository\org\apache\logging\log4j\log4j-api\2.17.2\log4j-api-2.17.2.jar;C:\Users\satyakumartattukolla\.m2\repository\org\slf4j\jul-to-slf4j\1.7.36\jul-to-slf4j-1.7.36.jar;C:\Users\satyakumartattukolla\.m2\repository\jakarta\annotation\jakarta.annotation-api\1.3.5\jakarta.annotation-api-1.3.5.jar;C:\Users\satyakumartattukolla\.m2\repository\org\yaml\snakeyaml\1.30\snakeyaml-1.30.jar;C:\Users\satyakumartattukolla\.m2\repository\org\springframework\boot\spring-boot-actuator-autoconfigure\2.7.4\spring-boot-actuator-autoconfigure-2.7.4.jar;C:\Users\satyakumartattukolla\.m2\repository\org\springframework\boot\spring-boot-actuator\2.7.4\spring-boot-actuator-2.7.4.jar;C:\Users\satyakumartattukolla\.m2\repository\com\fasterxml\jackson\datatype\jackson-datatype-jsr310\2.13.4\jackson-datatype-jsr310-2.13.4.jar;C:\Users\satyakumartattukolla\.m2\repository\io\micrometer\micrometer-core\1.9.4\micrometer-core-1.9.4.jar;C:\Users\satyakumartattukolla\.m2\repository\org\hdrhistogram\HdrHistogram\2.1.12\HdrHistogram-2.1.12.jar;C:\Users\satyakumartattukolla\.m2\repository\org\latencyutils\LatencyUtils\2.0.3\LatencyUtils-2.0.3.jar;C:\Users\satyakumartattukolla\.m2\repository\org\springframework\boot\spring-boot-starter-webflux\2.7.4\spring-boot-starter-webflux-2.7.4.jar;C:\Users\satyakumartattukolla\.m2\repository\org\springframework\boot\spring-boot-starter-json\2.7.4\spring-boot-starter-json-2.7.4.jar;C:\Users\satyakumartattukolla\.m2\repository\com\fasterxml\jackson\datatype\jackson-datatype-jdk8\2.13.4\jackson-datatype-jdk8-2.13.4.jar;C:\Users\satyakumartattukolla\.m2\repository\com\fasterxml\jackson\module\jackson-module-parameter-names\2.13.4\jackson-module-parameter-names-2.13.4.jar;C:\Users\satyakumartattukolla\.m2\repository\org\springframework\boot\spring-boot-starter-reactor-netty\2.7.4\spring-boot-starter-reactor-netty-2.7.4.jar;C:\Users\satyakumartattukolla\.m2\repository\io\projectreactor\netty\reactor-netty-http\1.0.23\reactor-netty-http-1.0.23.jar;C:\Users\satyakumartattukolla\.m2\repository\io\netty\netty-codec-http\4.1.82.Final\netty-codec-http-4.1.82.Final.jar;C:\Users\satyakumartattukolla\.m2\repository\io\netty\netty-buffer\4.1.82.Final\netty-buffer-4.1.82.Final.jar;C:\Users\satyakumartattukolla\.m2\repository\io\netty\netty-codec\4.1.82.Final\netty-codec-4.1.82.Final.jar;C:\Users\satyakumartattukolla\.m2\repository\io\netty\netty-codec-http2\4.1.82.Final\netty-codec-http2-4.1.82.Final.jar;C:\Users\satyakumartattukolla\.m2\repository\io\netty\netty-resolver-dns\4.1.82.Final\netty-resolver-dns-4.1.82.Final.jar;C:\Users\satyakumartattukolla\.m2\repository\io\netty\netty-resolver\4.1.82.Final\netty-resolver-4.1.82.Final.jar;C:\Users\satyakumartattukolla\.m2\repository\io\netty\netty-codec-dns\4.1.82.Final\netty-codec-dns-4.1.82.Final.jar;C:\Users\satyakumartattukolla\.m2\repository\io\netty\netty-resolver-dns-native-macos\4.1.82.Final\netty-resolver-dns-native-macos-4.1.82.Final-osx-x86_64.jar;C:\Users\satyakumartattukolla\.m2\repository\io\netty\netty-resolver-dns-classes-macos\4.1.82.Final\netty-resolver-dns-classes-macos-4.1.82.Final.jar;C:\Users\satyakumartattukolla\.m2\repository\io\netty\netty-transport-native-epoll\4.1.82.Final\netty-transport-native-epoll-4.1.82.Final-linux-x86_64.jar;C:\Users\satyakumartattukolla\.m2\repository\io\netty\netty-transport-native-unix-common\4.1.82.Final\netty-transport-native-unix-common-4.1.82.Final.jar;C:\Users\satyakumartattukolla\.m2\repository\io\netty\netty-transport-classes-epoll\4.1.82.Final\netty-transport-classes-epoll-4.1.82.Final.jar;C:\Users\satyakumartattukolla\.m2\repository\io\projectreactor\netty\reactor-netty-core\1.0.23\reactor-netty-core-1.0.23.jar;C:\Users\satyakumartattukolla\.m2\repository\io\netty\netty-handler-proxy\4.1.82.Final\netty-handler-proxy-4.1.82.Final.jar;C:\Users\satyakumartattukolla\.m2\repository\io\netty\netty-codec-socks\4.1.82.Final\netty-codec-socks-4.1.82.Final.jar;C:\Users\satyakumartattukolla\.m2\repository\org\springframework\spring-web\5.3.23\spring-web-5.3.23.jar;C:\Users\satyakumartattukolla\.m2\repository\org\springframework\spring-beans\5.3.23\spring-beans-5.3.23.jar;C:\Users\satyakumartattukolla\.m2\repository\org\springframework\spring-webflux\5.3.23\spring-webflux-5.3.23.jar;C:\Users\satyakumartattukolla\.m2\repository\org\springframework\cloud\spring-cloud-sleuth-zipkin\3.1.4\spring-cloud-sleuth-zipkin-3.1.4.jar;C:\Users\satyakumartattukolla\.m2\repository\org\springframework\cloud\spring-cloud-sleuth-instrumentation\3.1.4\spring-cloud-sleuth-instrumentation-3.1.4.jar;C:\Users\satyakumartattukolla\.m2\repository\org\springframework\cloud\spring-cloud-sleuth-api\3.1.4\spring-cloud-sleuth-api-3.1.4.jar;C:\Users\satyakumartattukolla\.m2\repository\org\springframework\spring-context\5.3.23\spring-context-5.3.23.jar;C:\Users\satyakumartattukolla\.m2\repository\org\aspectj\aspectjrt\1.9.7\aspectjrt-1.9.7.jar;C:\Users\satyakumartattukolla\.m2\repository\org\springframework\cloud\spring-cloud-commons\3.1.4\spring-cloud-commons-3.1.4.jar;C:\Users\satyakumartattukolla\.m2\repository\org\springframework\security\spring-security-crypto\5.7.3\spring-security-crypto-5.7.3.jar;C:\Users\satyakumartattukolla\.m2\repository\io\zipkin\zipkin2\zipkin\2.23.2\zipkin-2.23.2.jar;C:\Users\satyakumartattukolla\.m2\repository\io\zipkin\reporter2\zipkin-reporter\2.16.3\zipkin-reporter-2.16.3.jar;C:\Users\satyakumartattukolla\.m2\repository\io\zipkin\reporter2\zipkin-reporter-brave\2.16.3\zipkin-reporter-brave-2.16.3.jar;C:\Users\satyakumartattukolla\.m2\repository\io\zipkin\reporter2\zipkin-sender-kafka\2.16.3\zipkin-sender-kafka-2.16.3.jar;C:\Users\satyakumartattukolla\.m2\repository\io\zipkin\reporter2\zipkin-sender-activemq-client\2.16.3\zipkin-sender-activemq-client-2.16.3.jar;C:\Users\satyakumartattukolla\.m2\repository\io\zipkin\reporter2\zipkin-sender-amqp-client\2.16.3\zipkin-sender-amqp-client-2.16.3.jar;C:\Users\satyakumartattukolla\.m2\repository\org\springframework\cloud\spring-cloud-starter\3.1.4\spring-cloud-starter-3.1.4.jar;C:\Users\satyakumartattukolla\.m2\repository\org\springframework\cloud\spring-cloud-context\3.1.4\spring-cloud-context-3.1.4.jar;C:\Users\satyakumartattukolla\.m2\repository\org\springframework\security\spring-security-rsa\1.0.11.RELEASE\spring-security-rsa-1.0.11.RELEASE.jar;C:\Users\satyakumartattukolla\.m2\repository\org\bouncycastle\bcpkix-jdk15on\1.69\bcpkix-jdk15on-1.69.jar;C:\Users\satyakumartattukolla\.m2\repository\org\bouncycastle\bcprov-jdk15on\1.69\bcprov-jdk15on-1.69.jar;C:\Users\satyakumartattukolla\.m2\repository\org\bouncycastle\bcutil-jdk15on\1.69\bcutil-jdk15on-1.69.jar;C:\Users\satyakumartattukolla\.m2\repository\org\springframework\cloud\spring-cloud-starter-gateway\3.1.4\spring-cloud-starter-gateway-3.1.4.jar;C:\Users\satyakumartattukolla\.m2\repository\org\springframework\cloud\spring-cloud-gateway-server\3.1.4\spring-cloud-gateway-server-3.1.4.jar;C:\Users\satyakumartattukolla\.m2\repository\org\springframework\boot\spring-boot-starter-validation\2.7.4\spring-boot-starter-validation-2.7.4.jar;C:\Users\satyakumartattukolla\.m2\repository\org\apache\tomcat\embed\tomcat-embed-el\9.0.65\tomcat-embed-el-9.0.65.jar;C:\Users\satyakumartattukolla\.m2\repository\org\hibernate\validator\hibernate-validator\6.2.5.Final\hibernate-validator-6.2.5.Final.jar;C:\Users\satyakumartattukolla\.m2\repository\jakarta\validation\jakarta.validation-api\2.0.2\jakarta.validation-api-2.0.2.jar;C:\Users\satyakumartattukolla\.m2\repository\org\jboss\logging\jboss-logging\3.4.3.Final\jboss-logging-3.4.3.Final.jar;C:\Users\satyakumartattukolla\.m2\repository\com\fasterxml\classmate\1.5.1\classmate-1.5.1.jar;C:\Users\satyakumartattukolla\.m2\repository\io\projectreactor\addons\reactor-extra\3.4.8\reactor-extra-3.4.8.jar;C:\Users\satyakumartattukolla\.m2\repository\org\springframework\cloud\spring-cloud-starter-netflix-eureka-client\3.1.4\spring-cloud-starter-netflix-eureka-client-3.1.4.jar;C:\Users\satyakumartattukolla\.m2\repository\org\springframework\cloud\spring-cloud-netflix-eureka-client\3.1.4\spring-cloud-netflix-eureka-client-3.1.4.jar;C:\Users\satyakumartattukolla\.m2\repository\com\netflix\eureka\eureka-client\1.10.17\eureka-client-1.10.17.jar;C:\Users\satyakumartattukolla\.m2\repository\com\netflix\netflix-commons\netflix-eventbus\0.3.0\netflix-eventbus-0.3.0.jar;C:\Users\satyakumartattukolla\.m2\repository\com\netflix\netflix-commons\netflix-infix\0.3.0\netflix-infix-0.3.0.jar;C:\Users\satyakumartattukolla\.m2\repository\commons-jxpath\commons-jxpath\1.3\commons-jxpath-1.3.jar;C:\Users\satyakumartattukolla\.m2\repository\joda-time\joda-time\2.3\joda-time-2.3.jar;C:\Users\satyakumartattukolla\.m2\repository\org\antlr\antlr-runtime\3.4\antlr-runtime-3.4.jar;C:\Users\satyakumartattukolla\.m2\repository\org\antlr\stringtemplate\3.2.1\stringtemplate-3.2.1.jar;C:\Users\satyakumartattukolla\.m2\repository\antlr\antlr\2.7.7\antlr-2.7.7.jar;C:\Users\satyakumartattukolla\.m2\repository\com\google\code\gson\gson\2.9.1\gson-2.9.1.jar;C:\Users\satyakumartattukolla\.m2\repository\org\apache\commons\commons-math\2.2\commons-math-2.2.jar;C:\Users\satyakumartattukolla\.m2\repository\com\thoughtworks\xstream\xstream\1.4.18\xstream-1.4.18.jar;C:\Users\satyakumartattukolla\.m2\repository\io\github\x-stream\mxparser\1.2.2\mxparser-1.2.2.jar;C:\Users\satyakumartattukolla\.m2\repository\xmlpull\xmlpull\1.1.3.1\xmlpull-1.1.3.1.jar;C:\Users\satyakumartattukolla\.m2\repository\javax\ws\rs\jsr311-api\1.1.1\jsr311-api-1.1.1.jar;C:\Users\satyakumartattukolla\.m2\repository\com\netflix\servo\servo-core\0.12.21\servo-core-0.12.21.jar;C:\Users\satyakumartattukolla\.m2\repository\com\google\guava\guava\19.0\guava-19.0.jar;C:\Users\satyakumartattukolla\.m2\repository\org\apache\httpcomponents\httpclient\4.5.13\httpclient-4.5.13.jar;C:\Users\satyakumartattukolla\.m2\repository\org\apache\httpcomponents\httpcore\4.4.15\httpcore-4.4.15.jar;C:\Users\satyakumartattukolla\.m2\repository\commons-codec\commons-codec\1.15\commons-codec-1.15.jar;C:\Users\satyakumartattukolla\.m2\repository\commons-configuration\commons-configuration\1.10\commons-configuration-1.10.jar;C:\Users\satyakumartattukolla\.m2\repository\commons-lang\commons-lang\2.6\commons-lang-2.6.jar;C:\Users\satyakumartattukolla\.m2\repository\com\google\inject\guice\4.1.0\guice-4.1.0.jar;C:\Users\satyakumartattukolla\.m2\repository\javax\inject\javax.inject\1\javax.inject-1.jar;C:\Users\satyakumartattukolla\.m2\repository\com\fasterxml\jackson\core\jackson-annotations\2.13.4\jackson-annotations-2.13.4.jar;C:\Users\satyakumartattukolla\.m2\repository\com\fasterxml\jackson\core\jackson-core\2.13.4\jackson-core-2.13.4.jar;C:\Users\satyakumartattukolla\.m2\repository\org\codehaus\jettison\jettison\1.4.0\jettison-1.4.0.jar;C:\Users\satyakumartattukolla\.m2\repository\com\netflix\eureka\eureka-core\1.10.17\eureka-core-1.10.17.jar;C:\Users\satyakumartattukolla\.m2\repository\com\fasterxml\woodstox\woodstox-core\6.2.1\woodstox-core-6.2.1.jar;C:\Users\satyakumartattukolla\.m2\repository\org\codehaus\woodstox\stax2-api\4.2.1\stax2-api-4.2.1.jar;C:\Users\satyakumartattukolla\.m2\repository\org\springframework\cloud\spring-cloud-starter-loadbalancer\3.1.4\spring-cloud-starter-loadbalancer-3.1.4.jar;C:\Users\satyakumartattukolla\.m2\repository\org\springframework\cloud\spring-cloud-loadbalancer\3.1.4\spring-cloud-loadbalancer-3.1.4.jar;C:\Users\satyakumartattukolla\.m2\repository\org\springframework\boot\spring-boot-starter-cache\2.7.4\spring-boot-starter-cache-2.7.4.jar;C:\Users\satyakumartattukolla\.m2\repository\org\springframework\spring-context-support\5.3.23\spring-context-support-5.3.23.jar;C:\Users\satyakumartattukolla\.m2\repository\com\stoyanr\evictor\1.0.0\evictor-1.0.0.jar;C:\Users\satyakumartattukolla\.m2\repository\org\springframework\cloud\spring-cloud-starter-sleuth\3.1.4\spring-cloud-starter-sleuth-3.1.4.jar;C:\Users\satyakumartattukolla\.m2\repository\org\springframework\boot\spring-boot-starter-aop\2.7.4\spring-boot-starter-aop-2.7.4.jar;C:\Users\satyakumartattukolla\.m2\repository\org\aspectj\aspectjweaver\1.9.7\aspectjweaver-1.9.7.jar;C:\Users\satyakumartattukolla\.m2\repository\org\springframework\cloud\spring-cloud-sleuth-autoconfigure\3.1.4\spring-cloud-sleuth-autoconfigure-3.1.4.jar;C:\Users\satyakumartattukolla\.m2\repository\org\springframework\cloud\spring-cloud-sleuth-brave\3.1.4\spring-cloud-sleuth-brave-3.1.4.jar;C:\Users\satyakumartattukolla\.m2\repository\io\zipkin\brave\brave\5.13.9\brave-5.13.9.jar;C:\Users\satyakumartattukolla\.m2\repository\io\zipkin\brave\brave-context-slf4j\5.13.9\brave-context-slf4j-5.13.9.jar;C:\Users\satyakumartattukolla\.m2\repository\io\zipkin\brave\brave-instrumentation-messaging\5.13.9\brave-instrumentation-messaging-5.13.9.jar;C:\Users\satyakumartattukolla\.m2\repository\io\zipkin\brave\brave-instrumentation-rpc\5.13.9\brave-instrumentation-rpc-5.13.9.jar;C:\Users\satyakumartattukolla\.m2\repository\io\zipkin\brave\brave-instrumentation-spring-rabbit\5.13.9\brave-instrumentation-spring-rabbit-5.13.9.jar;C:\Users\satyakumartattukolla\.m2\repository\io\zipkin\brave\brave-instrumentation-kafka-clients\5.13.9\brave-instrumentation-kafka-clients-5.13.9.jar;C:\Users\satyakumartattukolla\.m2\repository\io\zipkin\brave\brave-instrumentation-kafka-streams\5.13.9\brave-instrumentation-kafka-streams-5.13.9.jar;C:\Users\satyakumartattukolla\.m2\repository\io\zipkin\brave\brave-instrumentation-httpclient\5.13.9\brave-instrumentation-httpclient-5.13.9.jar;C:\Users\satyakumartattukolla\.m2\repository\io\zipkin\brave\brave-instrumentation-http\5.13.9\brave-instrumentation-http-5.13.9.jar;C:\Users\satyakumartattukolla\.m2\repository\io\zipkin\brave\brave-instrumentation-httpasyncclient\5.13.9\brave-instrumentation-httpasyncclient-5.13.9.jar;C:\Users\satyakumartattukolla\.m2\repository\io\zipkin\brave\brave-instrumentation-jms\5.13.9\brave-instrumentation-jms-5.13.9.jar;C:\Users\satyakumartattukolla\.m2\repository\io\zipkin\brave\brave-instrumentation-mongodb\5.13.9\brave-instrumentation-mongodb-5.13.9.jar;C:\Users\satyakumartattukolla\.m2\repository\io\zipkin\aws\brave-propagation-aws\0.21.3\brave-propagation-aws-0.21.3.jar;C:\Users\satyakumartattukolla\.m2\repository\io\zipkin\reporter2\zipkin-reporter-metrics-micrometer\2.16.3\zipkin-reporter-metrics-micrometer-2.16.3.jar;C:\Users\satyakumartattukolla\.m2\repository\org\projectlombok\lombok\1.18.24\lombok-1.18.24.jar;C:\Users\satyakumartattukolla\.m2\repository\org\springframework\boot\spring-boot-starter-test\2.7.4\spring-boot-starter-test-2.7.4.jar;C:\Users\satyakumartattukolla\.m2\repository\org\springframework\boot\spring-boot-test\2.7.4\spring-boot-test-2.7.4.jar;C:\Users\satyakumartattukolla\.m2\repository\org\springframework\boot\spring-boot-test-autoconfigure\2.7.4\spring-boot-test-autoconfigure-2.7.4.jar;C:\Users\satyakumartattukolla\.m2\repository\com\jayway\jsonpath\json-path\2.7.0\json-path-2.7.0.jar;C:\Users\satyakumartattukolla\.m2\repository\net\minidev\json-smart\2.4.8\json-smart-2.4.8.jar;C:\Users\satyakumartattukolla\.m2\repository\net\minidev\accessors-smart\2.4.8\accessors-smart-2.4.8.jar;C:\Users\satyakumartattukolla\.m2\repository\org\ow2\asm\asm\9.1\asm-9.1.jar;C:\Users\satyakumartattukolla\.m2\repository\org\slf4j\slf4j-api\1.7.36\slf4j-api-1.7.36.jar;C:\Users\satyakumartattukolla\.m2\repository\jakarta\xml\bind\jakarta.xml.bind-api\2.3.3\jakarta.xml.bind-api-2.3.3.jar;C:\Users\satyakumartattukolla\.m2\repository\jakarta\activation\jakarta.activation-api\1.2.2\jakarta.activation-api-1.2.2.jar;C:\Users\satyakumartattukolla\.m2\repository\org\assertj\assertj-core\3.22.0\assertj-core-3.22.0.jar;C:\Users\satyakumartattukolla\.m2\repository\org\hamcrest\hamcrest\2.2\hamcrest-2.2.jar;C:\Users\satyakumartattukolla\.m2\repository\org\junit\jupiter\junit-jupiter\5.8.2\junit-jupiter-5.8.2.jar;C:\Users\satyakumartattukolla\.m2\repository\org\junit\jupiter\junit-jupiter-api\5.8.2\junit-jupiter-api-5.8.2.jar;C:\Users\satyakumartattukolla\.m2\repository\org\opentest4j\opentest4j\1.2.0\opentest4j-1.2.0.jar;C:\Users\satyakumartattukolla\.m2\repository\org\junit\platform\junit-platform-commons\1.8.2\junit-platform-commons-1.8.2.jar;C:\Users\satyakumartattukolla\.m2\repository\org\apiguardian\apiguardian-api\1.1.2\apiguardian-api-1.1.2.jar;C:\Users\satyakumartattukolla\.m2\repository\org\junit\jupiter\junit-jupiter-params\5.8.2\junit-jupiter-params-5.8.2.jar;C:\Users\satyakumartattukolla\.m2\repository\org\junit\jupiter\junit-jupiter-engine\5.8.2\junit-jupiter-engine-5.8.2.jar;C:\Users\satyakumartattukolla\.m2\repository\org\junit\platform\junit-platform-engine\1.8.2\junit-platform-engine-1.8.2.jar;C:\Users\satyakumartattukolla\.m2\repository\org\mockito\mockito-core\4.5.1\mockito-core-4.5.1.jar;C:\Users\satyakumartattukolla\.m2\repository\net\bytebuddy\byte-buddy\1.12.17\byte-buddy-1.12.17.jar;C:\Users\satyakumartattukolla\.m2\repository\net\bytebuddy\byte-buddy-agent\1.12.17\byte-buddy-agent-1.12.17.jar;C:\Users\satyakumartattukolla\.m2\repository\org\objenesis\objenesis\3.2\objenesis-3.2.jar;C:\Users\satyakumartattukolla\.m2\repository\org\mockito\mockito-junit-jupiter\4.5.1\mockito-junit-jupiter-4.5.1.jar;C:\Users\satyakumartattukolla\.m2\repository\org\skyscreamer\jsonassert\1.5.1\jsonassert-1.5.1.jar;C:\Users\satyakumartattukolla\.m2\repository\com\vaadin\external\google\android-json\0.0.20131108.vaadin1\android-json-0.0.20131108.vaadin1.jar;C:\Users\satyakumartattukolla\.m2\repository\org\springframework\spring-core\5.3.23\spring-core-5.3.23.jar;C:\Users\satyakumartattukolla\.m2\repository\org\springframework\spring-jcl\5.3.23\spring-jcl-5.3.23.jar;C:\Users\satyakumartattukolla\.m2\repository\org\springframework\spring-test\5.3.23\spring-test-5.3.23.jar;C:\Users\satyakumartattukolla\.m2\repository\org\xmlunit\xmlunit-core\2.9.0\xmlunit-core-2.9.0.jar;C:\Users\satyakumartattukolla\.m2\repository\io\projectreactor\reactor-test\3.4.23\reactor-test-3.4.23.jar;C:\Users\satyakumartattukolla\.m2\repository\io\projectreactor\reactor-core\3.4.23\reactor-core-3.4.23.jar;C:\Users\satyakumartattukolla\.m2\repository\org\reactivestreams\reactive-streams\1.0.4\reactive-streams-1.0.4.jar;C:\Users\satyakumartattukolla\.m2\repository\org\springframework\cloud\spring-cloud-starter-circuitbreaker-reactor-resilience4j\2.1.4\spring-cloud-starter-circuitbreaker-reactor-resilience4j-2.1.4.jar;C:\Users\satyakumartattukolla\.m2\repository\org\springframework\cloud\spring-cloud-circuitbreaker-resilience4j\2.1.4\spring-cloud-circuitbreaker-resilience4j-2.1.4.jar;C:\Users\satyakumartattukolla\.m2\repository\io\github\resilience4j\resilience4j-spring-boot2\1.7.0\resilience4j-spring-boot2-1.7.0.jar;C:\Users\satyakumartattukolla\.m2\repository\io\github\resilience4j\resilience4j-spring\1.7.0\resilience4j-spring-1.7.0.jar;C:\Users\satyakumartattukolla\.m2\repository\io\github\resilience4j\resilience4j-annotations\1.7.0\resilience4j-annotations-1.7.0.jar;C:\Users\satyakumartattukolla\.m2\repository\io\github\resilience4j\resilience4j-consumer\1.7.0\resilience4j-consumer-1.7.0.jar;C:\Users\satyakumartattukolla\.m2\repository\io\github\resilience4j\resilience4j-circularbuffer\1.7.0\resilience4j-circularbuffer-1.7.0.jar;C:\Users\satyakumartattukolla\.m2\repository\io\github\resilience4j\resilience4j-framework-common\1.7.0\resilience4j-framework-common-1.7.0.jar;C:\Users\satyakumartattukolla\.m2\repository\io\github\resilience4j\resilience4j-ratelimiter\1.7.0\resilience4j-ratelimiter-1.7.0.jar;C:\Users\satyakumartattukolla\.m2\repository\io\github\resilience4j\resilience4j-retry\1.7.0\resilience4j-retry-1.7.0.jar;C:\Users\satyakumartattukolla\.m2\repository\io\github\resilience4j\resilience4j-micrometer\1.7.0\resilience4j-micrometer-1.7.0.jar;C:\Users\satyakumartattukolla\.m2\repository\io\github\resilience4j\resilience4j-circuitbreaker\1.7.0\resilience4j-circuitbreaker-1.7.0.jar;C:\Users\satyakumartattukolla\.m2\repository\io\vavr\vavr\0.10.2\vavr-0.10.2.jar;C:\Users\satyakumartattukolla\.m2\repository\io\vavr\vavr-match\0.10.2\vavr-match-0.10.2.jar;C:\Users\satyakumartattukolla\.m2\repository\io\github\resilience4j\resilience4j-core\1.7.0\resilience4j-core-1.7.0.jar;C:\Users\satyakumartattukolla\.m2\repository\io\github\resilience4j\resilience4j-timelimiter\1.7.0\resilience4j-timelimiter-1.7.0.jar;C:\Users\satyakumartattukolla\.m2\repository\io\github\resilience4j\resilience4j-reactor\1.7.0\resilience4j-reactor-1.7.0.jar;C:\Users\satyakumartattukolla\.m2\repository\org\springframework\boot\spring-boot-starter-data-redis-reactive\2.7.4\spring-boot-starter-data-redis-reactive-2.7.4.jar;C:\Users\satyakumartattukolla\.m2\repository\org\springframework\boot\spring-boot-starter-data-redis\2.7.4\spring-boot-starter-data-redis-2.7.4.jar;C:\Users\satyakumartattukolla\.m2\repository\org\springframework\data\spring-data-redis\2.7.3\spring-data-redis-2.7.3.jar;C:\Users\satyakumartattukolla\.m2\repository\org\springframework\data\spring-data-keyvalue\2.7.3\spring-data-keyvalue-2.7.3.jar;C:\Users\satyakumartattukolla\.m2\repository\org\springframework\data\spring-data-commons\2.7.3\spring-data-commons-2.7.3.jar;C:\Users\satyakumartattukolla\.m2\repository\org\springframework\spring-tx\5.3.23\spring-tx-5.3.23.jar;C:\Users\satyakumartattukolla\.m2\repository\org\springframework\spring-oxm\5.3.23\spring-oxm-5.3.23.jar;C:\Users\satyakumartattukolla\.m2\repository\io\lettuce\lettuce-core\6.1.9.RELEASE\lettuce-core-6.1.9.RELEASE.jar;C:\Users\satyakumartattukolla\.m2\repository\io\netty\netty-common\4.1.82.Final\netty-common-4.1.82.Final.jar;C:\Users\satyakumartattukolla\.m2\repository\io\netty\netty-handler\4.1.82.Final\netty-handler-4.1.82.Final.jar;C:\Users\satyakumartattukolla\.m2\repository\io\netty\netty-transport\4.1.82.Final\netty-transport-4.1.82.Final.jar;C:\Users\satyakumartattukolla\.m2\repository\org\springframework\boot\spring-boot-starter-security\2.7.4\spring-boot-starter-security-2.7.4.jar;C:\Users\satyakumartattukolla\.m2\repository\org\springframework\spring-aop\5.3.23\spring-aop-5.3.23.jar;C:\Users\satyakumartattukolla\.m2\repository\org\springframework\security\spring-security-config\5.7.3\spring-security-config-5.7.3.jar;C:\Users\satyakumartattukolla\.m2\repository\org\springframework\security\spring-security-core\5.7.3\spring-security-core-5.7.3.jar;C:\Users\satyakumartattukolla\.m2\repository\org\springframework\security\spring-security-web\5.7.3\spring-security-web-5.7.3.jar;C:\Users\satyakumartattukolla\.m2\repository\org\springframework\spring-expression\5.3.23\spring-expression-5.3.23.jar;C:\Users\satyakumartattukolla\.m2\repository\io\jsonwebtoken\jjwt\0.9.1\jjwt-0.9.1.jar;C:\Users\satyakumartattukolla\.m2\repository\com\fasterxml\jackson\core\jackson-databind\2.13.4\jackson-databind-2.13.4.jar;C:\Users\satyakumartattukolla\.m2\repository\javax\xml\bind\jaxb-api\2.3.1\jaxb-api-2.3.1.jar;C:\Users\satyakumartattukolla\.m2\repository\javax\activation\javax.activation-api\1.2.0\javax.activation-api-1.2.0.jar;"/>
    <property name="java.vm.vendor" value="Oracle Corporation"/>
    <property name="sun.arch.data.model" value="64"/>
    <property name="user.variant" value=""/>
    <property name="java.vendor.url" value="http://java.oracle.com/"/>
    <property name="user.timezone" value="Asia/Calcutta"/>
    <property name="java.vm.specification.version" value="11"/>
    <property name="os.name" value="Windows 10"/>
    <property name="sun.java.launcher" value="SUN_STANDARD"/>
    <property name="user.country" value="IN"/>
    <property name="sun.boot.library.path" value="C:\.Net &amp; Java Software\Open JKD -11\bin"/>
    <property name="sun.java.command" value="C:\Users\SATYAK~1\AppData\Local\Temp\surefire1673979184776486639\surefirebooter13657942081113465370.jar C:\Users\satyakumartattukolla\AppData\Local\Temp\surefire1673979184776486639 2022-12-08T16-17-47_373-jvmRun1 surefire8242502050785899404tmp surefire_015790265267945038294tmp"/>
    <property name="jdk.debug" value="release"/>
    <property name="surefire.test.class.path" value="C:\Users\satyakumartattukolla\OneDrive - Nagarro\Desktop\satyakumar-tattukolla\microservices-main\apigateway\target\test-classes;C:\Users\satyakumartattukolla\OneDrive - Nagarro\Desktop\satyakumar-tattukolla\microservices-main\apigateway\target\classes;C:\Users\satyakumartattukolla\.m2\repository\org\springframework\boot\spring-boot-starter-actuator\2.7.4\spring-boot-starter-actuator-2.7.4.jar;C:\Users\satyakumartattukolla\.m2\repository\org\springframework\boot\spring-boot-starter\2.7.4\spring-boot-starter-2.7.4.jar;C:\Users\satyakumartattukolla\.m2\repository\org\springframework\boot\spring-boot\2.7.4\spring-boot-2.7.4.jar;C:\Users\satyakumartattukolla\.m2\repository\org\springframework\boot\spring-boot-autoconfigure\2.7.4\spring-boot-autoconfigure-2.7.4.jar;C:\Users\satyakumartattukolla\.m2\repository\org\springframework\boot\spring-boot-starter-logging\2.7.4\spring-boot-starter-logging-2.7.4.jar;C:\Users\satyakumartattukolla\.m2\repository\ch\qos\logback\logback-classic\1.2.11\logback-classic-1.2.11.jar;C:\Users\satyakumartattukolla\.m2\repository\ch\qos\logback\logback-core\1.2.11\logback-core-1.2.11.jar;C:\Users\satyakumartattukolla\.m2\repository\org\apache\logging\log4j\log4j-to-slf4j\2.17.2\log4j-to-slf4j-2.17.2.jar;C:\Users\satyakumartattukolla\.m2\repository\org\apache\logging\log4j\log4j-api\2.17.2\log4j-api-2.17.2.jar;C:\Users\satyakumartattukolla\.m2\repository\org\slf4j\jul-to-slf4j\1.7.36\jul-to-slf4j-1.7.36.jar;C:\Users\satyakumartattukolla\.m2\repository\jakarta\annotation\jakarta.annotation-api\1.3.5\jakarta.annotation-api-1.3.5.jar;C:\Users\satyakumartattukolla\.m2\repository\org\yaml\snakeyaml\1.30\snakeyaml-1.30.jar;C:\Users\satyakumartattukolla\.m2\repository\org\springframework\boot\spring-boot-actuator-autoconfigure\2.7.4\spring-boot-actuator-autoconfigure-2.7.4.jar;C:\Users\satyakumartattukolla\.m2\repository\org\springframework\boot\spring-boot-actuator\2.7.4\spring-boot-actuator-2.7.4.jar;C:\Users\satyakumartattukolla\.m2\repository\com\fasterxml\jackson\datatype\jackson-datatype-jsr310\2.13.4\jackson-datatype-jsr310-2.13.4.jar;C:\Users\satyakumartattukolla\.m2\repository\io\micrometer\micrometer-core\1.9.4\micrometer-core-1.9.4.jar;C:\Users\satyakumartattukolla\.m2\repository\org\hdrhistogram\HdrHistogram\2.1.12\HdrHistogram-2.1.12.jar;C:\Users\satyakumartattukolla\.m2\repository\org\latencyutils\LatencyUtils\2.0.3\LatencyUtils-2.0.3.jar;C:\Users\satyakumartattukolla\.m2\repository\org\springframework\boot\spring-boot-starter-webflux\2.7.4\spring-boot-starter-webflux-2.7.4.jar;C:\Users\satyakumartattukolla\.m2\repository\org\springframework\boot\spring-boot-starter-json\2.7.4\spring-boot-starter-json-2.7.4.jar;C:\Users\satyakumartattukolla\.m2\repository\com\fasterxml\jackson\datatype\jackson-datatype-jdk8\2.13.4\jackson-datatype-jdk8-2.13.4.jar;C:\Users\satyakumartattukolla\.m2\repository\com\fasterxml\jackson\module\jackson-module-parameter-names\2.13.4\jackson-module-parameter-names-2.13.4.jar;C:\Users\satyakumartattukolla\.m2\repository\org\springframework\boot\spring-boot-starter-reactor-netty\2.7.4\spring-boot-starter-reactor-netty-2.7.4.jar;C:\Users\satyakumartattukolla\.m2\repository\io\projectreactor\netty\reactor-netty-http\1.0.23\reactor-netty-http-1.0.23.jar;C:\Users\satyakumartattukolla\.m2\repository\io\netty\netty-codec-http\4.1.82.Final\netty-codec-http-4.1.82.Final.jar;C:\Users\satyakumartattukolla\.m2\repository\io\netty\netty-buffer\4.1.82.Final\netty-buffer-4.1.82.Final.jar;C:\Users\satyakumartattukolla\.m2\repository\io\netty\netty-codec\4.1.82.Final\netty-codec-4.1.82.Final.jar;C:\Users\satyakumartattukolla\.m2\repository\io\netty\netty-codec-http2\4.1.82.Final\netty-codec-http2-4.1.82.Final.jar;C:\Users\satyakumartattukolla\.m2\repository\io\netty\netty-resolver-dns\4.1.82.Final\netty-resolver-dns-4.1.82.Final.jar;C:\Users\satyakumartattukolla\.m2\repository\io\netty\netty-resolver\4.1.82.Final\netty-resolver-4.1.82.Final.jar;C:\Users\satyakumartattukolla\.m2\repository\io\netty\netty-codec-dns\4.1.82.Final\netty-codec-dns-4.1.82.Final.jar;C:\Users\satyakumartattukolla\.m2\repository\io\netty\netty-resolver-dns-native-macos\4.1.82.Final\netty-resolver-dns-native-macos-4.1.82.Final-osx-x86_64.jar;C:\Users\satyakumartattukolla\.m2\repository\io\netty\netty-resolver-dns-classes-macos\4.1.82.Final\netty-resolver-dns-classes-macos-4.1.82.Final.jar;C:\Users\satyakumartattukolla\.m2\repository\io\netty\netty-transport-native-epoll\4.1.82.Final\netty-transport-native-epoll-4.1.82.Final-linux-x86_64.jar;C:\Users\satyakumartattukolla\.m2\repository\io\netty\netty-transport-native-unix-common\4.1.82.Final\netty-transport-native-unix-common-4.1.82.Final.jar;C:\Users\satyakumartattukolla\.m2\repository\io\netty\netty-transport-classes-epoll\4.1.82.Final\netty-transport-classes-epoll-4.1.82.Final.jar;C:\Users\satyakumartattukolla\.m2\repository\io\projectreactor\netty\reactor-netty-core\1.0.23\reactor-netty-core-1.0.23.jar;C:\Users\satyakumartattukolla\.m2\repository\io\netty\netty-handler-proxy\4.1.82.Final\netty-handler-proxy-4.1.82.Final.jar;C:\Users\satyakumartattukolla\.m2\repository\io\netty\netty-codec-socks\4.1.82.Final\netty-codec-socks-4.1.82.Final.jar;C:\Users\satyakumartattukolla\.m2\repository\org\springframework\spring-web\5.3.23\spring-web-5.3.23.jar;C:\Users\satyakumartattukolla\.m2\repository\org\springframework\spring-beans\5.3.23\spring-beans-5.3.23.jar;C:\Users\satyakumartattukolla\.m2\repository\org\springframework\spring-webflux\5.3.23\spring-webflux-5.3.23.jar;C:\Users\satyakumartattukolla\.m2\repository\org\springframework\cloud\spring-cloud-sleuth-zipkin\3.1.4\spring-cloud-sleuth-zipkin-3.1.4.jar;C:\Users\satyakumartattukolla\.m2\repository\org\springframework\cloud\spring-cloud-sleuth-instrumentation\3.1.4\spring-cloud-sleuth-instrumentation-3.1.4.jar;C:\Users\satyakumartattukolla\.m2\repository\org\springframework\cloud\spring-cloud-sleuth-api\3.1.4\spring-cloud-sleuth-api-3.1.4.jar;C:\Users\satyakumartattukolla\.m2\repository\org\springframework\spring-context\5.3.23\spring-context-5.3.23.jar;C:\Users\satyakumartattukolla\.m2\repository\org\aspectj\aspectjrt\1.9.7\aspectjrt-1.9.7.jar;C:\Users\satyakumartattukolla\.m2\repository\org\springframework\cloud\spring-cloud-commons\3.1.4\spring-cloud-commons-3.1.4.jar;C:\Users\satyakumartattukolla\.m2\repository\org\springframework\security\spring-security-crypto\5.7.3\spring-security-crypto-5.7.3.jar;C:\Users\satyakumartattukolla\.m2\repository\io\zipkin\zipkin2\zipkin\2.23.2\zipkin-2.23.2.jar;C:\Users\satyakumartattukolla\.m2\repository\io\zipkin\reporter2\zipkin-reporter\2.16.3\zipkin-reporter-2.16.3.jar;C:\Users\satyakumartattukolla\.m2\repository\io\zipkin\reporter2\zipkin-reporter-brave\2.16.3\zipkin-reporter-brave-2.16.3.jar;C:\Users\satyakumartattukolla\.m2\repository\io\zipkin\reporter2\zipkin-sender-kafka\2.16.3\zipkin-sender-kafka-2.16.3.jar;C:\Users\satyakumartattukolla\.m2\repository\io\zipkin\reporter2\zipkin-sender-activemq-client\2.16.3\zipkin-sender-activemq-client-2.16.3.jar;C:\Users\satyakumartattukolla\.m2\repository\io\zipkin\reporter2\zipkin-sender-amqp-client\2.16.3\zipkin-sender-amqp-client-2.16.3.jar;C:\Users\satyakumartattukolla\.m2\repository\org\springframework\cloud\spring-cloud-starter\3.1.4\spring-cloud-starter-3.1.4.jar;C:\Users\satyakumartattukolla\.m2\repository\org\springframework\cloud\spring-cloud-context\3.1.4\spring-cloud-context-3.1.4.jar;C:\Users\satyakumartattukolla\.m2\repository\org\springframework\security\spring-security-rsa\1.0.11.RELEASE\spring-security-rsa-1.0.11.RELEASE.jar;C:\Users\satyakumartattukolla\.m2\repository\org\bouncycastle\bcpkix-jdk15on\1.69\bcpkix-jdk15on-1.69.jar;C:\Users\satyakumartattukolla\.m2\repository\org\bouncycastle\bcprov-jdk15on\1.69\bcprov-jdk15on-1.69.jar;C:\Users\satyakumartattukolla\.m2\repository\org\bouncycastle\bcutil-jdk15on\1.69\bcutil-jdk15on-1.69.jar;C:\Users\satyakumartattukolla\.m2\repository\org\springframework\cloud\spring-cloud-starter-gateway\3.1.4\spring-cloud-starter-gateway-3.1.4.jar;C:\Users\satyakumartattukolla\.m2\repository\org\springframework\cloud\spring-cloud-gateway-server\3.1.4\spring-cloud-gateway-server-3.1.4.jar;C:\Users\satyakumartattukolla\.m2\repository\org\springframework\boot\spring-boot-starter-validation\2.7.4\spring-boot-starter-validation-2.7.4.jar;C:\Users\satyakumartattukolla\.m2\repository\org\apache\tomcat\embed\tomcat-embed-el\9.0.65\tomcat-embed-el-9.0.65.jar;C:\Users\satyakumartattukolla\.m2\repository\org\hibernate\validator\hibernate-validator\6.2.5.Final\hibernate-validator-6.2.5.Final.jar;C:\Users\satyakumartattukolla\.m2\repository\jakarta\validation\jakarta.validation-api\2.0.2\jakarta.validation-api-2.0.2.jar;C:\Users\satyakumartattukolla\.m2\repository\org\jboss\logging\jboss-logging\3.4.3.Final\jboss-logging-3.4.3.Final.jar;C:\Users\satyakumartattukolla\.m2\repository\com\fasterxml\classmate\1.5.1\classmate-1.5.1.jar;C:\Users\satyakumartattukolla\.m2\repository\io\projectreactor\addons\reactor-extra\3.4.8\reactor-extra-3.4.8.jar;C:\Users\satyakumartattukolla\.m2\repository\org\springframework\cloud\spring-cloud-starter-netflix-eureka-client\3.1.4\spring-cloud-starter-netflix-eureka-client-3.1.4.jar;C:\Users\satyakumartattukolla\.m2\repository\org\springframework\cloud\spring-cloud-netflix-eureka-client\3.1.4\spring-cloud-netflix-eureka-client-3.1.4.jar;C:\Users\satyakumartattukolla\.m2\repository\com\netflix\eureka\eureka-client\1.10.17\eureka-client-1.10.17.jar;C:\Users\satyakumartattukolla\.m2\repository\com\netflix\netflix-commons\netflix-eventbus\0.3.0\netflix-eventbus-0.3.0.jar;C:\Users\satyakumartattukolla\.m2\repository\com\netflix\netflix-commons\netflix-infix\0.3.0\netflix-infix-0.3.0.jar;C:\Users\satyakumartattukolla\.m2\repository\commons-jxpath\commons-jxpath\1.3\commons-jxpath-1.3.jar;C:\Users\satyakumartattukolla\.m2\repository\joda-time\joda-time\2.3\joda-time-2.3.jar;C:\Users\satyakumartattukolla\.m2\repository\org\antlr\antlr-runtime\3.4\antlr-runtime-3.4.jar;C:\Users\satyakumartattukolla\.m2\repository\org\antlr\stringtemplate\3.2.1\stringtemplate-3.2.1.jar;C:\Users\satyakumartattukolla\.m2\repository\antlr\antlr\2.7.7\antlr-2.7.7.jar;C:\Users\satyakumartattukolla\.m2\repository\com\google\code\gson\gson\2.9.1\gson-2.9.1.jar;C:\Users\satyakumartattukolla\.m2\repository\org\apache\commons\commons-math\2.2\commons-math-2.2.jar;C:\Users\satyakumartattukolla\.m2\repository\com\thoughtworks\xstream\xstream\1.4.18\xstream-1.4.18.jar;C:\Users\satyakumartattukolla\.m2\repository\io\github\x-stream\mxparser\1.2.2\mxparser-1.2.2.jar;C:\Users\satyakumartattukolla\.m2\repository\xmlpull\xmlpull\1.1.3.1\xmlpull-1.1.3.1.jar;C:\Users\satyakumartattukolla\.m2\repository\javax\ws\rs\jsr311-api\1.1.1\jsr311-api-1.1.1.jar;C:\Users\satyakumartattukolla\.m2\repository\com\netflix\servo\servo-core\0.12.21\servo-core-0.12.21.jar;C:\Users\satyakumartattukolla\.m2\repository\com\google\guava\guava\19.0\guava-19.0.jar;C:\Users\satyakumartattukolla\.m2\repository\org\apache\httpcomponents\httpclient\4.5.13\httpclient-4.5.13.jar;C:\Users\satyakumartattukolla\.m2\repository\org\apache\httpcomponents\httpcore\4.4.15\httpcore-4.4.15.jar;C:\Users\satyakumartattukolla\.m2\repository\commons-codec\commons-codec\1.15\commons-codec-1.15.jar;C:\Users\satyakumartattukolla\.m2\repository\commons-configuration\commons-configuration\1.10\commons-configuration-1.10.jar;C:\Users\satyakumartattukolla\.m2\repository\commons-lang\commons-lang\2.6\commons-lang-2.6.jar;C:\Users\satyakumartattukolla\.m2\repository\com\google\inject\guice\4.1.0\guice-4.1.0.jar;C:\Users\satyakumartattukolla\.m2\repository\javax\inject\javax.inject\1\javax.inject-1.jar;C:\Users\satyakumartattukolla\.m2\repository\com\fasterxml\jackson\core\jackson-annotations\2.13.4\jackson-annotations-2.13.4.jar;C:\Users\satyakumartattukolla\.m2\repository\com\fasterxml\jackson\core\jackson-core\2.13.4\jackson-core-2.13.4.jar;C:\Users\satyakumartattukolla\.m2\repository\org\codehaus\jettison\jettison\1.4.0\jettison-1.4.0.jar;C:\Users\satyakumartattukolla\.m2\repository\com\netflix\eureka\eureka-core\1.10.17\eureka-core-1.10.17.jar;C:\Users\satyakumartattukolla\.m2\repository\com\fasterxml\woodstox\woodstox-core\6.2.1\woodstox-core-6.2.1.jar;C:\Users\satyakumartattukolla\.m2\repository\org\codehaus\woodstox\stax2-api\4.2.1\stax2-api-4.2.1.jar;C:\Users\satyakumartattukolla\.m2\repository\org\springframework\cloud\spring-cloud-starter-loadbalancer\3.1.4\spring-cloud-starter-loadbalancer-3.1.4.jar;C:\Users\satyakumartattukolla\.m2\repository\org\springframework\cloud\spring-cloud-loadbalancer\3.1.4\spring-cloud-loadbalancer-3.1.4.jar;C:\Users\satyakumartattukolla\.m2\repository\org\springframework\boot\spring-boot-starter-cache\2.7.4\spring-boot-starter-cache-2.7.4.jar;C:\Users\satyakumartattukolla\.m2\repository\org\springframework\spring-context-support\5.3.23\spring-context-support-5.3.23.jar;C:\Users\satyakumartattukolla\.m2\repository\com\stoyanr\evictor\1.0.0\evictor-1.0.0.jar;C:\Users\satyakumartattukolla\.m2\repository\org\springframework\cloud\spring-cloud-starter-sleuth\3.1.4\spring-cloud-starter-sleuth-3.1.4.jar;C:\Users\satyakumartattukolla\.m2\repository\org\springframework\boot\spring-boot-starter-aop\2.7.4\spring-boot-starter-aop-2.7.4.jar;C:\Users\satyakumartattukolla\.m2\repository\org\aspectj\aspectjweaver\1.9.7\aspectjweaver-1.9.7.jar;C:\Users\satyakumartattukolla\.m2\repository\org\springframework\cloud\spring-cloud-sleuth-autoconfigure\3.1.4\spring-cloud-sleuth-autoconfigure-3.1.4.jar;C:\Users\satyakumartattukolla\.m2\repository\org\springframework\cloud\spring-cloud-sleuth-brave\3.1.4\spring-cloud-sleuth-brave-3.1.4.jar;C:\Users\satyakumartattukolla\.m2\repository\io\zipkin\brave\brave\5.13.9\brave-5.13.9.jar;C:\Users\satyakumartattukolla\.m2\repository\io\zipkin\brave\brave-context-slf4j\5.13.9\brave-context-slf4j-5.13.9.jar;C:\Users\satyakumartattukolla\.m2\repository\io\zipkin\brave\brave-instrumentation-messaging\5.13.9\brave-instrumentation-messaging-5.13.9.jar;C:\Users\satyakumartattukolla\.m2\repository\io\zipkin\brave\brave-instrumentation-rpc\5.13.9\brave-instrumentation-rpc-5.13.9.jar;C:\Users\satyakumartattukolla\.m2\repository\io\zipkin\brave\brave-instrumentation-spring-rabbit\5.13.9\brave-instrumentation-spring-rabbit-5.13.9.jar;C:\Users\satyakumartattukolla\.m2\repository\io\zipkin\brave\brave-instrumentation-kafka-clients\5.13.9\brave-instrumentation-kafka-clients-5.13.9.jar;C:\Users\satyakumartattukolla\.m2\repository\io\zipkin\brave\brave-instrumentation-kafka-streams\5.13.9\brave-instrumentation-kafka-streams-5.13.9.jar;C:\Users\satyakumartattukolla\.m2\repository\io\zipkin\brave\brave-instrumentation-httpclient\5.13.9\brave-instrumentation-httpclient-5.13.9.jar;C:\Users\satyakumartattukolla\.m2\repository\io\zipkin\brave\brave-instrumentation-http\5.13.9\brave-instrumentation-http-5.13.9.jar;C:\Users\satyakumartattukolla\.m2\repository\io\zipkin\brave\brave-instrumentation-httpasyncclient\5.13.9\brave-instrumentation-httpasyncclient-5.13.9.jar;C:\Users\satyakumartattukolla\.m2\repository\io\zipkin\brave\brave-instrumentation-jms\5.13.9\brave-instrumentation-jms-5.13.9.jar;C:\Users\satyakumartattukolla\.m2\repository\io\zipkin\brave\brave-instrumentation-mongodb\5.13.9\brave-instrumentation-mongodb-5.13.9.jar;C:\Users\satyakumartattukolla\.m2\repository\io\zipkin\aws\brave-propagation-aws\0.21.3\brave-propagation-aws-0.21.3.jar;C:\Users\satyakumartattukolla\.m2\repository\io\zipkin\reporter2\zipkin-reporter-metrics-micrometer\2.16.3\zipkin-reporter-metrics-micrometer-2.16.3.jar;C:\Users\satyakumartattukolla\.m2\repository\org\projectlombok\lombok\1.18.24\lombok-1.18.24.jar;C:\Users\satyakumartattukolla\.m2\repository\org\springframework\boot\spring-boot-starter-test\2.7.4\spring-boot-starter-test-2.7.4.jar;C:\Users\satyakumartattukolla\.m2\repository\org\springframework\boot\spring-boot-test\2.7.4\spring-boot-test-2.7.4.jar;C:\Users\satyakumartattukolla\.m2\repository\org\springframework\boot\spring-boot-test-autoconfigure\2.7.4\spring-boot-test-autoconfigure-2.7.4.jar;C:\Users\satyakumartattukolla\.m2\repository\com\jayway\jsonpath\json-path\2.7.0\json-path-2.7.0.jar;C:\Users\satyakumartattukolla\.m2\repository\net\minidev\json-smart\2.4.8\json-smart-2.4.8.jar;C:\Users\satyakumartattukolla\.m2\repository\net\minidev\accessors-smart\2.4.8\accessors-smart-2.4.8.jar;C:\Users\satyakumartattukolla\.m2\repository\org\ow2\asm\asm\9.1\asm-9.1.jar;C:\Users\satyakumartattukolla\.m2\repository\org\slf4j\slf4j-api\1.7.36\slf4j-api-1.7.36.jar;C:\Users\satyakumartattukolla\.m2\repository\jakarta\xml\bind\jakarta.xml.bind-api\2.3.3\jakarta.xml.bind-api-2.3.3.jar;C:\Users\satyakumartattukolla\.m2\repository\jakarta\activation\jakarta.activation-api\1.2.2\jakarta.activation-api-1.2.2.jar;C:\Users\satyakumartattukolla\.m2\repository\org\assertj\assertj-core\3.22.0\assertj-core-3.22.0.jar;C:\Users\satyakumartattukolla\.m2\repository\org\hamcrest\hamcrest\2.2\hamcrest-2.2.jar;C:\Users\satyakumartattukolla\.m2\repository\org\junit\jupiter\junit-jupiter\5.8.2\junit-jupiter-5.8.2.jar;C:\Users\satyakumartattukolla\.m2\repository\org\junit\jupiter\junit-jupiter-api\5.8.2\junit-jupiter-api-5.8.2.jar;C:\Users\satyakumartattukolla\.m2\repository\org\opentest4j\opentest4j\1.2.0\opentest4j-1.2.0.jar;C:\Users\satyakumartattukolla\.m2\repository\org\junit\platform\junit-platform-commons\1.8.2\junit-platform-commons-1.8.2.jar;C:\Users\satyakumartattukolla\.m2\repository\org\apiguardian\apiguardian-api\1.1.2\apiguardian-api-1.1.2.jar;C:\Users\satyakumartattukolla\.m2\repository\org\junit\jupiter\junit-jupiter-params\5.8.2\junit-jupiter-params-5.8.2.jar;C:\Users\satyakumartattukolla\.m2\repository\org\junit\jupiter\junit-jupiter-engine\5.8.2\junit-jupiter-engine-5.8.2.jar;C:\Users\satyakumartattukolla\.m2\repository\org\junit\platform\junit-platform-engine\1.8.2\junit-platform-engine-1.8.2.jar;C:\Users\satyakumartattukolla\.m2\repository\org\mockito\mockito-core\4.5.1\mockito-core-4.5.1.jar;C:\Users\satyakumartattukolla\.m2\repository\net\bytebuddy\byte-buddy\1.12.17\byte-buddy-1.12.17.jar;C:\Users\satyakumartattukolla\.m2\repository\net\bytebuddy\byte-buddy-agent\1.12.17\byte-buddy-agent-1.12.17.jar;C:\Users\satyakumartattukolla\.m2\repository\org\objenesis\objenesis\3.2\objenesis-3.2.jar;C:\Users\satyakumartattukolla\.m2\repository\org\mockito\mockito-junit-jupiter\4.5.1\mockito-junit-jupiter-4.5.1.jar;C:\Users\satyakumartattukolla\.m2\repository\org\skyscreamer\jsonassert\1.5.1\jsonassert-1.5.1.jar;C:\Users\satyakumartattukolla\.m2\repository\com\vaadin\external\google\android-json\0.0.20131108.vaadin1\android-json-0.0.20131108.vaadin1.jar;C:\Users\satyakumartattukolla\.m2\repository\org\springframework\spring-core\5.3.23\spring-core-5.3.23.jar;C:\Users\satyakumartattukolla\.m2\repository\org\springframework\spring-jcl\5.3.23\spring-jcl-5.3.23.jar;C:\Users\satyakumartattukolla\.m2\repository\org\springframework\spring-test\5.3.23\spring-test-5.3.23.jar;C:\Users\satyakumartattukolla\.m2\repository\org\xmlunit\xmlunit-core\2.9.0\xmlunit-core-2.9.0.jar;C:\Users\satyakumartattukolla\.m2\repository\io\projectreactor\reactor-test\3.4.23\reactor-test-3.4.23.jar;C:\Users\satyakumartattukolla\.m2\repository\io\projectreactor\reactor-core\3.4.23\reactor-core-3.4.23.jar;C:\Users\satyakumartattukolla\.m2\repository\org\reactivestreams\reactive-streams\1.0.4\reactive-streams-1.0.4.jar;C:\Users\satyakumartattukolla\.m2\repository\org\springframework\cloud\spring-cloud-starter-circuitbreaker-reactor-resilience4j\2.1.4\spring-cloud-starter-circuitbreaker-reactor-resilience4j-2.1.4.jar;C:\Users\satyakumartattukolla\.m2\repository\org\springframework\cloud\spring-cloud-circuitbreaker-resilience4j\2.1.4\spring-cloud-circuitbreaker-resilience4j-2.1.4.jar;C:\Users\satyakumartattukolla\.m2\repository\io\github\resilience4j\resilience4j-spring-boot2\1.7.0\resilience4j-spring-boot2-1.7.0.jar;C:\Users\satyakumartattukolla\.m2\repository\io\github\resilience4j\resilience4j-spring\1.7.0\resilience4j-spring-1.7.0.jar;C:\Users\satyakumartattukolla\.m2\repository\io\github\resilience4j\resilience4j-annotations\1.7.0\resilience4j-annotations-1.7.0.jar;C:\Users\satyakumartattukolla\.m2\repository\io\github\resilience4j\resilience4j-consumer\1.7.0\resilience4j-consumer-1.7.0.jar;C:\Users\satyakumartattukolla\.m2\repository\io\github\resilience4j\resilience4j-circularbuffer\1.7.0\resilience4j-circularbuffer-1.7.0.jar;C:\Users\satyakumartattukolla\.m2\repository\io\github\resilience4j\resilience4j-framework-common\1.7.0\resilience4j-framework-common-1.7.0.jar;C:\Users\satyakumartattukolla\.m2\repository\io\github\resilience4j\resilience4j-ratelimiter\1.7.0\resilience4j-ratelimiter-1.7.0.jar;C:\Users\satyakumartattukolla\.m2\repository\io\github\resilience4j\resilience4j-retry\1.7.0\resilience4j-retry-1.7.0.jar;C:\Users\satyakumartattukolla\.m2\repository\io\github\resilience4j\resilience4j-micrometer\1.7.0\resilience4j-micrometer-1.7.0.jar;C:\Users\satyakumartattukolla\.m2\repository\io\github\resilience4j\resilience4j-circuitbreaker\1.7.0\resilience4j-circuitbreaker-1.7.0.jar;C:\Users\satyakumartattukolla\.m2\repository\io\vavr\vavr\0.10.2\vavr-0.10.2.jar;C:\Users\satyakumartattukolla\.m2\repository\io\vavr\vavr-match\0.10.2\vavr-match-0.10.2.jar;C:\Users\satyakumartattukolla\.m2\repository\io\github\resilience4j\resilience4j-core\1.7.0\resilience4j-core-1.7.0.jar;C:\Users\satyakumartattukolla\.m2\repository\io\github\resilience4j\resilience4j-timelimiter\1.7.0\resilience4j-timelimiter-1.7.0.jar;C:\Users\satyakumartattukolla\.m2\repository\io\github\resilience4j\resilience4j-reactor\1.7.0\resilience4j-reactor-1.7.0.jar;C:\Users\satyakumartattukolla\.m2\repository\org\springframework\boot\spring-boot-starter-data-redis-reactive\2.7.4\spring-boot-starter-data-redis-reactive-2.7.4.jar;C:\Users\satyakumartattukolla\.m2\repository\org\springframework\boot\spring-boot-starter-data-redis\2.7.4\spring-boot-starter-data-redis-2.7.4.jar;C:\Users\satyakumartattukolla\.m2\repository\org\springframework\data\spring-data-redis\2.7.3\spring-data-redis-2.7.3.jar;C:\Users\satyakumartattukolla\.m2\repository\org\springframework\data\spring-data-keyvalue\2.7.3\spring-data-keyvalue-2.7.3.jar;C:\Users\satyakumartattukolla\.m2\repository\org\springframework\data\spring-data-commons\2.7.3\spring-data-commons-2.7.3.jar;C:\Users\satyakumartattukolla\.m2\repository\org\springframework\spring-tx\5.3.23\spring-tx-5.3.23.jar;C:\Users\satyakumartattukolla\.m2\repository\org\springframework\spring-oxm\5.3.23\spring-oxm-5.3.23.jar;C:\Users\satyakumartattukolla\.m2\repository\io\lettuce\lettuce-core\6.1.9.RELEASE\lettuce-core-6.1.9.RELEASE.jar;C:\Users\satyakumartattukolla\.m2\repository\io\netty\netty-common\4.1.82.Final\netty-common-4.1.82.Final.jar;C:\Users\satyakumartattukolla\.m2\repository\io\netty\netty-handler\4.1.82.Final\netty-handler-4.1.82.Final.jar;C:\Users\satyakumartattukolla\.m2\repository\io\netty\netty-transport\4.1.82.Final\netty-transport-4.1.82.Final.jar;C:\Users\satyakumartattukolla\.m2\repository\org\springframework\boot\spring-boot-starter-security\2.7.4\spring-boot-starter-security-2.7.4.jar;C:\Users\satyakumartattukolla\.m2\repository\org\springframework\spring-aop\5.3.23\spring-aop-5.3.23.jar;C:\Users\satyakumartattukolla\.m2\repository\org\springframework\security\spring-security-config\5.7.3\spring-security-config-5.7.3.jar;C:\Users\satyakumartattukolla\.m2\repository\org\springframework\security\spring-security-core\5.7.3\spring-security-core-5.7.3.jar;C:\Users\satyakumartattukolla\.m2\repository\org\springframework\security\spring-security-web\5.7.3\spring-security-web-5.7.3.jar;C:\Users\satyakumartattukolla\.m2\repository\org\springframework\spring-expression\5.3.23\spring-expression-5.3.23.jar;C:\Users\satyakumartattukolla\.m2\repository\io\jsonwebtoken\jjwt\0.9.1\jjwt-0.9.1.jar;C:\Users\satyakumartattukolla\.m2\repository\com\fasterxml\jackson\core\jackson-databind\2.13.4\jackson-databind-2.13.4.jar;C:\Users\satyakumartattukolla\.m2\repository\javax\xml\bind\jaxb-api\2.3.1\jaxb-api-2.3.1.jar;C:\Users\satyakumartattukolla\.m2\repository\javax\activation\javax.activation-api\1.2.0\javax.activation-api-1.2.0.jar;"/>
    <property name="sun.cpu.endian" value="little"/>
    <property name="user.home" value="C:\Users\satyakumartattukolla"/>
    <property name="user.language" value="en"/>
    <property name="java.specification.vendor" value="Oracle Corporation"/>
    <property name="java.version.date" value="2018-10-16"/>
    <property name="java.home" value="C:\.Net &amp; Java Software\Open JKD -11"/>
    <property name="file.separator" value="\"/>
    <property name="basedir" value="C:\Users\satyakumartattukolla\OneDrive - Nagarro\Desktop\satyakumar-tattukolla\microservices-main\apigateway"/>
    <property name="java.vm.compressedOopsMode" value="Zero based"/>
    <property name="line.separator" value="&#10;"/>
    <property name="java.specification.name" value="Java Platform API Specification"/>
    <property name="java.vm.specification.vendor" value="Oracle Corporation"/>
    <property name="java.awt.graphicsenv" value="sun.awt.Win32GraphicsEnvironment"/>
    <property name="surefire.real.class.path" value="C:\Users\SATYAK~1\AppData\Local\Temp\surefire1673979184776486639\surefirebooter13657942081113465370.jar"/>
    <property name="user.script" value=""/>
    <property name="sun.management.compiler" value="HotSpot 64-Bit Tiered Compilers"/>
    <property name="java.runtime.version" value="11.0.1+13"/>
    <property name="user.name" value="satyakumartattukolla"/>
    <property name="path.separator" value=";"/>
    <property name="os.version" value="10.0"/>
    <property name="java.runtime.name" value="OpenJDK Runtime Environment"/>
    <property name="file.encoding" value="Cp1252"/>
    <property name="java.vm.name" value="OpenJDK 64-Bit Server VM"/>
    <property name="java.vendor.version" value="18.9"/>
    <property name="localRepository" value="C:\Users\satyakumartattukolla\.m2\repository"/>
    <property name="java.vendor.url.bug" value="http://bugreport.java.com/bugreport/"/>
    <property name="java.io.tmpdir" value="C:\Users\SATYAK~1\AppData\Local\Temp\"/>
    <property name="java.version" value="11.0.1"/>
    <property name="user.dir" value="C:\Users\satyakumartattukolla\OneDrive - Nagarro\Desktop\satyakumar-tattukolla\microservices-main\apigateway"/>
    <property name="os.arch" value="amd64"/>
    <property name="java.vm.specification.name" value="Java Virtual Machine Specification"/>
    <property name="java.awt.printerjob" value="sun.awt.windows.WPrinterJob"/>
    <property name="sun.os.patch.level" value=""/>
    <property name="java.library.path" value="C:\.Net &amp; Java Software\Open JKD -11\bin;C:\WINDOWS\Sun\Java\bin;C:\WINDOWS\system32;C:\WINDOWS;C:\Program Files\Common Files\Oracle\Java\javapath;C:\Program Files\Microsoft MPI\Bin\;C:\Windows\system32;C:\Windows;C:\Windows\System32\Wbem;C:\Windows\System32\WindowsPowerShell\v1.0\;C:\Windows\System32\OpenSSH\;C:\Program Files\TortoiseSVN\bin;C:\.Net &amp; Java Software\Open JKD -11bin;C:\Program Files\dotnet\;C:\Program Files\nodejs\;C:\Program Files\Microsoft SQL Server\130\Tools\Binn\;C:\Program Files\Microsoft SQL Server\Client SDK\ODBC\170\Tools\Binn\;C:\Program Files (x86)\Microsoft SQL Server\150\DTS\Binn\;C:\Program Files\Azure Data Studio\bin;C:\Program Files (x86)\Microsoft SQL Server\140\Tools\Binn\;C:\Program Files\Microsoft SQL Server\140\Tools\Binn\;C:\Program Files (x86)\Microsoft SQL Server\140\DTS\Binn\;C:\Program Files\Microsoft SQL Server\140\DTS\Binn\;C:\Program Files\Microsoft SQL Server\Client SDK\ODBC\130\Tools\Binn\;C:\Program Files (x86)\dotnet\;C:\Program Files\apache-maven-3.6.3\bin;C:\Program Files\Git\cmd;C:\WINDOWS\system32;C:\WINDOWS;C:\WINDOWS\System32\Wbem;C:\WINDOWS\System32\WindowsPowerShell\v1.0\;C:\WINDOWS\System32\OpenSSH\;C:\Users\satyakumartattukolla\AppData\Local\Microsoft\WindowsApps;C:\Users\satyakumartattukolla\.dotnet\tools;C:\Users\satyakumartattukolla\AppData\Roaming\npm;C:\Program Files\Azure Data Studio\bin;C:\Users\satyakumartattukolla\AppData\Local\JetBrains\IntelliJ IDEA 2022.1.4\bin;;C:\Program Files\JetBrains\IntelliJ IDEA Community Edition 2022.1.4\bin;;C:\Users\satyakumartattukolla\AppData\Local\Programs\Microsoft VS Code\bin;;."/>
    <property name="java.vendor" value="Oracle Corporation"/>
    <property name="java.vm.info" value="mixed mode"/>
    <property name="java.vm.version" value="11.0.1+13"/>
    <property name="sun.io.unicode.encoding" value="UnicodeLittle"/>
    <property name="java.class.version" value="55.0"/>
  </properties>
  <testcase name="contextLoads" classname="com.microservice.apigateway.ApigatewayApplicationTests" time="0.828"/>
</testsuite>